2023-01-10 16:40:50.066  INFO 13140 --- [restartedMain] com.fictionshop.FictionShopApplication   : Starting FictionShopApplication using Java 11.0.13 on DESKTOP-FJ6VKSO with PID 13140 (E:\Java\Shop\FictionShop\target\classes started by BilgeAdam(Java) in E:\Java\Shop\FictionShop)
2023-01-10 16:40:50.078  INFO 13140 --- [restartedMain] com.fictionshop.FictionShopApplication   : No active profile set, falling back to 1 default profile: "default"
2023-01-10 16:40:50.302  INFO 13140 --- [restartedMain] .e.DevToolsPropertyDefaultsPostProcessor : Devtools property defaults active! Set 'spring.devtools.add-properties' to 'false' to disable
2023-01-10 16:40:50.302  INFO 13140 --- [restartedMain] .e.DevToolsPropertyDefaultsPostProcessor : For additional web related logging consider setting the 'logging.level.web' property to 'DEBUG'
2023-01-10 16:40:51.427  INFO 13140 --- [restartedMain] .s.d.r.c.RepositoryConfigurationDelegate : Multiple Spring Data modules found, entering strict repository configuration mode
2023-01-10 16:40:51.428  INFO 13140 --- [restartedMain] .s.d.r.c.RepositoryConfigurationDelegate : Bootstrapping Spring Data JDBC repositories in DEFAULT mode.
2023-01-10 16:40:51.460  INFO 13140 --- [restartedMain] .RepositoryConfigurationExtensionSupport : Spring Data JDBC - Could not safely identify store assignment for repository candidate interface com.fictionshop.business.dao.ProductDao; If you want this repository to be a JDBC repository, consider annotating your entities with one of these annotations: org.springframework.data.relational.core.mapping.Table.
2023-01-10 16:40:51.461  INFO 13140 --- [restartedMain] .s.d.r.c.RepositoryConfigurationDelegate : Finished Spring Data repository scanning in 27 ms. Found 0 JDBC repository interfaces.
2023-01-10 16:40:51.467  INFO 13140 --- [restartedMain] .s.d.r.c.RepositoryConfigurationDelegate : Multiple Spring Data modules found, entering strict repository configuration mode
2023-01-10 16:40:51.468  INFO 13140 --- [restartedMain] .s.d.r.c.RepositoryConfigurationDelegate : Bootstrapping Spring Data JPA repositories in DEFAULT mode.
2023-01-10 16:40:51.493  INFO 13140 --- [restartedMain] .s.d.r.c.RepositoryConfigurationDelegate : Finished Spring Data repository scanning in 22 ms. Found 1 JPA repository interfaces.
2023-01-10 16:40:52.074  INFO 13140 --- [restartedMain] o.s.b.w.embedded.tomcat.TomcatWebServer  : Tomcat initialized with port(s): 8080 (http)
2023-01-10 16:40:52.081  INFO 13140 --- [restartedMain] o.apache.catalina.core.StandardService   : Starting service [Tomcat]
2023-01-10 16:40:52.082  INFO 13140 --- [restartedMain] org.apache.catalina.core.StandardEngine  : Starting Servlet engine: [Apache Tomcat/9.0.68]
2023-01-10 16:40:52.180  INFO 13140 --- [restartedMain] o.a.c.c.C.[Tomcat].[localhost].[/]       : Initializing Spring embedded WebApplicationContext
2023-01-10 16:40:52.180  INFO 13140 --- [restartedMain] w.s.c.ServletWebServerApplicationContext : Root WebApplicationContext: initialization completed in 1877 ms
2023-01-10 16:40:52.269  INFO 13140 --- [restartedMain] com.zaxxer.hikari.HikariDataSource       : HikariPool-1 - Starting...
2023-01-10 16:40:52.403  INFO 13140 --- [restartedMain] com.zaxxer.hikari.HikariDataSource       : HikariPool-1 - Start completed.
2023-01-10 16:40:52.411  INFO 13140 --- [restartedMain] o.s.b.a.h2.H2ConsoleAutoConfiguration    : H2 console available at '/h2-console'. Database available at 'jdbc:h2:file:./Database/fictionshopdb'
2023-01-10 16:40:52.509  INFO 13140 --- [restartedMain] o.hibernate.jpa.internal.util.LogHelper  : HHH000204: Processing PersistenceUnitInfo [name: default]
2023-01-10 16:40:52.550  INFO 13140 --- [restartedMain] org.hibernate.Version                    : HHH000412: Hibernate ORM core version 5.6.12.Final
2023-01-10 16:40:52.655  INFO 13140 --- [restartedMain] o.hibernate.annotations.common.Version   : HCANN000001: Hibernate Commons Annotations {5.1.2.Final}
2023-01-10 16:40:52.733  INFO 13140 --- [restartedMain] org.hibernate.dialect.Dialect            : HHH000400: Using dialect: org.hibernate.dialect.H2Dialect
2023-01-10 16:40:53.156  INFO 13140 --- [restartedMain] o.h.e.t.j.p.i.JtaPlatformInitiator       : HHH000490: Using JtaPlatform implementation: [org.hibernate.engine.transaction.jta.platform.internal.NoJtaPlatform]
2023-01-10 16:40:53.161  INFO 13140 --- [restartedMain] j.LocalContainerEntityManagerFactoryBean : Initialized JPA EntityManagerFactory for persistence unit 'default'
2023-01-10 16:40:53.269  WARN 13140 --- [restartedMain] JpaBaseConfiguration$JpaWebConfiguration : spring.jpa.open-in-view is enabled by default. Therefore, database queries may be performed during view rendering. Explicitly configure spring.jpa.open-in-view to disable this warning
2023-01-10 16:40:54.142  INFO 13140 --- [restartedMain] o.s.b.a.e.web.EndpointLinksResolver      : Exposing 1 endpoint(s) beneath base path '/actuator'
2023-01-10 16:40:54.157  INFO 13140 --- [restartedMain] o.s.s.web.DefaultSecurityFilterChain     : Will secure any request with [org.springframework.security.web.session.DisableEncodeUrlFilter@3106229e, org.springframework.security.web.context.request.async.WebAsyncManagerIntegrationFilter@11c38705, org.springframework.security.web.context.SecurityContextPersistenceFilter@5c20352f, org.springframework.security.web.header.HeaderWriterFilter@5e2299fb, org.springframework.web.filter.CorsFilter@4130991c, org.springframework.security.web.authentication.logout.LogoutFilter@53727559, org.springframework.security.web.authentication.UsernamePasswordAuthenticationFilter@4b7def21, org.springframework.security.web.authentication.ui.DefaultLoginPageGeneratingFilter@790eda9a, org.springframework.security.web.authentication.ui.DefaultLogoutPageGeneratingFilter@3194d0a7, org.springframework.security.web.savedrequest.RequestCacheAwareFilter@5276ef8b, org.springframework.security.web.servletapi.SecurityContextHolderAwareRequestFilter@53db210b, org.springframework.security.web.authentication.AnonymousAuthenticationFilter@310606d9, org.springframework.security.web.session.SessionManagementFilter@74722026, org.springframework.security.web.access.ExceptionTranslationFilter@33b59938, org.springframework.security.web.access.intercept.AuthorizationFilter@541571d7]
2023-01-10 16:40:54.717  INFO 13140 --- [restartedMain] o.s.b.d.a.OptionalLiveReloadServer       : LiveReload server is running on port 35729
2023-01-10 16:40:54.753  INFO 13140 --- [restartedMain] o.s.b.w.embedded.tomcat.TomcatWebServer  : Tomcat started on port(s): 8080 (http) with context path ''
2023-01-10 16:40:54.768  INFO 13140 --- [restartedMain] com.fictionshop.FictionShopApplication   : Started FictionShopApplication in 5.138 seconds (JVM running for 6.288)
2023-01-10 16:41:00.861  INFO 13140 --- [http-nio-8080-exec-2] o.a.c.c.C.[Tomcat].[localhost].[/]       : Initializing Spring DispatcherServlet 'dispatcherServlet'
2023-01-10 16:41:00.861  INFO 13140 --- [http-nio-8080-exec-2] o.s.web.servlet.DispatcherServlet        : Initializing Servlet 'dispatcherServlet'
2023-01-10 16:41:00.863  INFO 13140 --- [http-nio-8080-exec-2] o.s.web.servlet.DispatcherServlet        : Completed initialization in 2 ms
2023-01-10 16:41:19.236  INFO 13140 --- [SpringApplicationShutdownHook] j.LocalContainerEntityManagerFactoryBean : Closing JPA EntityManagerFactory for persistence unit 'default'
2023-01-10 16:41:19.241  INFO 13140 --- [SpringApplicationShutdownHook] com.zaxxer.hikari.HikariDataSource       : HikariPool-1 - Shutdown initiated...
2023-01-10 16:41:19.243  INFO 13140 --- [SpringApplicationShutdownHook] com.zaxxer.hikari.HikariDataSource       : HikariPool-1 - Shutdown completed.
2023-01-10 16:41:21.555  INFO 4092 --- [restartedMain] com.fictionshop.FictionShopApplication   : Starting FictionShopApplication using Java 11.0.13 on DESKTOP-FJ6VKSO with PID 4092 (E:\Java\Shop\FictionShop\target\classes started by BilgeAdam(Java) in E:\Java\Shop\FictionShop)
2023-01-10 16:41:21.557  INFO 4092 --- [restartedMain] com.fictionshop.FictionShopApplication   : No active profile set, falling back to 1 default profile: "default"
2023-01-10 16:41:21.737  INFO 4092 --- [restartedMain] .e.DevToolsPropertyDefaultsPostProcessor : Devtools property defaults active! Set 'spring.devtools.add-properties' to 'false' to disable
2023-01-10 16:41:21.737  INFO 4092 --- [restartedMain] .e.DevToolsPropertyDefaultsPostProcessor : For additional web related logging consider setting the 'logging.level.web' property to 'DEBUG'
2023-01-10 16:41:22.477  INFO 4092 --- [restartedMain] .s.d.r.c.RepositoryConfigurationDelegate : Multiple Spring Data modules found, entering strict repository configuration mode
2023-01-10 16:41:22.478  INFO 4092 --- [restartedMain] .s.d.r.c.RepositoryConfigurationDelegate : Bootstrapping Spring Data JDBC repositories in DEFAULT mode.
2023-01-10 16:41:22.506  INFO 4092 --- [restartedMain] .RepositoryConfigurationExtensionSupport : Spring Data JDBC - Could not safely identify store assignment for repository candidate interface com.fictionshop.business.dao.ProductDao; If you want this repository to be a JDBC repository, consider annotating your entities with one of these annotations: org.springframework.data.relational.core.mapping.Table.
2023-01-10 16:41:22.507  INFO 4092 --- [restartedMain] .s.d.r.c.RepositoryConfigurationDelegate : Finished Spring Data repository scanning in 24 ms. Found 0 JDBC repository interfaces.
2023-01-10 16:41:22.514  INFO 4092 --- [restartedMain] .s.d.r.c.RepositoryConfigurationDelegate : Multiple Spring Data modules found, entering strict repository configuration mode
2023-01-10 16:41:22.514  INFO 4092 --- [restartedMain] .s.d.r.c.RepositoryConfigurationDelegate : Bootstrapping Spring Data JPA repositories in DEFAULT mode.
2023-01-10 16:41:22.541  INFO 4092 --- [restartedMain] .s.d.r.c.RepositoryConfigurationDelegate : Finished Spring Data repository scanning in 22 ms. Found 1 JPA repository interfaces.
2023-01-10 16:41:23.104  INFO 4092 --- [restartedMain] o.s.b.w.embedded.tomcat.TomcatWebServer  : Tomcat initialized with port(s): 8080 (http)
2023-01-10 16:41:23.110  INFO 4092 --- [restartedMain] o.apache.catalina.core.StandardService   : Starting service [Tomcat]
2023-01-10 16:41:23.110  INFO 4092 --- [restartedMain] org.apache.catalina.core.StandardEngine  : Starting Servlet engine: [Apache Tomcat/9.0.68]
2023-01-10 16:41:23.198  INFO 4092 --- [restartedMain] o.a.c.c.C.[Tomcat].[localhost].[/]       : Initializing Spring embedded WebApplicationContext
2023-01-10 16:41:23.198  INFO 4092 --- [restartedMain] w.s.c.ServletWebServerApplicationContext : Root WebApplicationContext: initialization completed in 1461 ms
2023-01-10 16:41:23.295  INFO 4092 --- [restartedMain] com.zaxxer.hikari.HikariDataSource       : HikariPool-1 - Starting...
2023-01-10 16:41:23.868  INFO 4092 --- [restartedMain] com.zaxxer.hikari.HikariDataSource       : HikariPool-1 - Start completed.
2023-01-10 16:41:23.878  INFO 4092 --- [restartedMain] o.s.b.a.h2.H2ConsoleAutoConfiguration    : H2 console available at '/h2-console'. Database available at 'jdbc:h2:file:./Database/fictionshopdb'
2023-01-10 16:41:24.005  INFO 4092 --- [restartedMain] o.hibernate.jpa.internal.util.LogHelper  : HHH000204: Processing PersistenceUnitInfo [name: default]
2023-01-10 16:41:24.039  INFO 4092 --- [restartedMain] org.hibernate.Version                    : HHH000412: Hibernate ORM core version 5.6.12.Final
2023-01-10 16:41:24.138  INFO 4092 --- [restartedMain] o.hibernate.annotations.common.Version   : HCANN000001: Hibernate Commons Annotations {5.1.2.Final}
2023-01-10 16:41:24.204  INFO 4092 --- [restartedMain] org.hibernate.dialect.Dialect            : HHH000400: Using dialect: org.hibernate.dialect.H2Dialect
2023-01-10 16:41:24.584  INFO 4092 --- [restartedMain] o.h.e.t.j.p.i.JtaPlatformInitiator       : HHH000490: Using JtaPlatform implementation: [org.hibernate.engine.transaction.jta.platform.internal.NoJtaPlatform]
2023-01-10 16:41:24.590  INFO 4092 --- [restartedMain] j.LocalContainerEntityManagerFactoryBean : Initialized JPA EntityManagerFactory for persistence unit 'default'
2023-01-10 16:41:24.698  WARN 4092 --- [restartedMain] JpaBaseConfiguration$JpaWebConfiguration : spring.jpa.open-in-view is enabled by default. Therefore, database queries may be performed during view rendering. Explicitly configure spring.jpa.open-in-view to disable this warning
2023-01-10 16:41:25.478  INFO 4092 --- [restartedMain] o.s.b.a.e.web.EndpointLinksResolver      : Exposing 1 endpoint(s) beneath base path '/actuator'
2023-01-10 16:41:25.493  INFO 4092 --- [restartedMain] o.s.s.web.DefaultSecurityFilterChain     : Will secure any request with [org.springframework.security.web.session.DisableEncodeUrlFilter@e88087f, org.springframework.security.web.context.request.async.WebAsyncManagerIntegrationFilter@ea51c7e, org.springframework.security.web.context.SecurityContextPersistenceFilter@7b246c1f, org.springframework.security.web.header.HeaderWriterFilter@4c0eb75d, org.springframework.web.filter.CorsFilter@b00ad4, org.springframework.security.web.authentication.logout.LogoutFilter@113f54e4, org.springframework.security.web.authentication.UsernamePasswordAuthenticationFilter@2afaf6be, org.springframework.security.web.authentication.ui.DefaultLoginPageGeneratingFilter@7e5220b3, org.springframework.security.web.authentication.ui.DefaultLogoutPageGeneratingFilter@584c791e, org.springframework.security.web.savedrequest.RequestCacheAwareFilter@2d01dc44, org.springframework.security.web.servletapi.SecurityContextHolderAwareRequestFilter@36f766de, org.springframework.security.web.authentication.AnonymousAuthenticationFilter@16c95998, org.springframework.security.web.session.SessionManagementFilter@39a3fe4d, org.springframework.security.web.access.ExceptionTranslationFilter@6808a603, org.springframework.security.web.access.intercept.AuthorizationFilter@4e616a8b]
2023-01-10 16:41:25.904  INFO 4092 --- [restartedMain] o.s.b.d.a.OptionalLiveReloadServer       : LiveReload server is running on port 35729
2023-01-10 16:41:25.940  INFO 4092 --- [restartedMain] o.s.b.w.embedded.tomcat.TomcatWebServer  : Tomcat started on port(s): 8080 (http) with context path ''
2023-01-10 16:41:25.955  INFO 4092 --- [restartedMain] com.fictionshop.FictionShopApplication   : Started FictionShopApplication in 4.728 seconds (JVM running for 5.653)
2023-01-10 16:41:28.769  INFO 4092 --- [http-nio-8080-exec-1] o.a.c.c.C.[Tomcat].[localhost].[/]       : Initializing Spring DispatcherServlet 'dispatcherServlet'
2023-01-10 16:41:28.769  INFO 4092 --- [http-nio-8080-exec-1] o.s.web.servlet.DispatcherServlet        : Initializing Servlet 'dispatcherServlet'
2023-01-10 16:41:28.771  INFO 4092 --- [http-nio-8080-exec-1] o.s.web.servlet.DispatcherServlet        : Completed initialization in 1 ms
2023-01-10 16:43:13.736  INFO 4092 --- [File Watcher] rtingClassPathChangeChangedEventListener : Restarting due to 1 class path change (0 additions, 0 deletions, 1 modification)
2023-01-10 16:43:13.829  INFO 4092 --- [Thread-6] o.apache.catalina.core.StandardService   : Stopping service [Tomcat]
2023-01-10 16:43:13.831  INFO 4092 --- [Thread-6] o.a.c.c.C.[Tomcat].[localhost].[/]       : Destroying Spring FrameworkServlet 'dispatcherServlet'
2023-01-10 16:43:13.848  INFO 4092 --- [Thread-6] j.LocalContainerEntityManagerFactoryBean : Closing JPA EntityManagerFactory for persistence unit 'default'
2023-01-10 16:43:13.852  INFO 4092 --- [Thread-6] com.zaxxer.hikari.HikariDataSource       : HikariPool-1 - Shutdown initiated...
2023-01-10 16:43:14.072  INFO 4092 --- [Thread-6] com.zaxxer.hikari.HikariDataSource       : HikariPool-1 - Shutdown completed.
2023-01-10 16:43:14.172  INFO 4092 --- [restartedMain] com.fictionshop.FictionShopApplication   : Starting FictionShopApplication using Java 11.0.13 on DESKTOP-FJ6VKSO with PID 4092 (E:\Java\Shop\FictionShop\target\classes started by BilgeAdam(Java) in E:\Java\Shop\FictionShop)
2023-01-10 16:43:14.173  INFO 4092 --- [restartedMain] com.fictionshop.FictionShopApplication   : No active profile set, falling back to 1 default profile: "default"
2023-01-10 16:43:14.482  INFO 4092 --- [restartedMain] .s.d.r.c.RepositoryConfigurationDelegate : Multiple Spring Data modules found, entering strict repository configuration mode
2023-01-10 16:43:14.483  INFO 4092 --- [restartedMain] .s.d.r.c.RepositoryConfigurationDelegate : Bootstrapping Spring Data JDBC repositories in DEFAULT mode.
2023-01-10 16:43:14.490  INFO 4092 --- [restartedMain] .RepositoryConfigurationExtensionSupport : Spring Data JDBC - Could not safely identify store assignment for repository candidate interface com.fictionshop.business.dao.ProductDao; If you want this repository to be a JDBC repository, consider annotating your entities with one of these annotations: org.springframework.data.relational.core.mapping.Table.
2023-01-10 16:43:14.490  INFO 4092 --- [restartedMain] .s.d.r.c.RepositoryConfigurationDelegate : Finished Spring Data repository scanning in 6 ms. Found 0 JDBC repository interfaces.
2023-01-10 16:43:14.493  INFO 4092 --- [restartedMain] .s.d.r.c.RepositoryConfigurationDelegate : Multiple Spring Data modules found, entering strict repository configuration mode
2023-01-10 16:43:14.493  INFO 4092 --- [restartedMain] .s.d.r.c.RepositoryConfigurationDelegate : Bootstrapping Spring Data JPA repositories in DEFAULT mode.
2023-01-10 16:43:14.499  INFO 4092 --- [restartedMain] .s.d.r.c.RepositoryConfigurationDelegate : Finished Spring Data repository scanning in 5 ms. Found 1 JPA repository interfaces.
2023-01-10 16:43:14.586  INFO 4092 --- [restartedMain] o.s.b.w.embedded.tomcat.TomcatWebServer  : Tomcat initialized with port(s): 8080 (http)
2023-01-10 16:43:14.586  INFO 4092 --- [restartedMain] o.apache.catalina.core.StandardService   : Starting service [Tomcat]
2023-01-10 16:43:14.587  INFO 4092 --- [restartedMain] org.apache.catalina.core.StandardEngine  : Starting Servlet engine: [Apache Tomcat/9.0.68]
2023-01-10 16:43:14.602  INFO 4092 --- [restartedMain] o.a.c.c.C.[Tomcat].[localhost].[/]       : Initializing Spring embedded WebApplicationContext
2023-01-10 16:43:14.602  INFO 4092 --- [restartedMain] w.s.c.ServletWebServerApplicationContext : Root WebApplicationContext: initialization completed in 428 ms
2023-01-10 16:43:14.628  INFO 4092 --- [restartedMain] com.zaxxer.hikari.HikariDataSource       : HikariPool-2 - Starting...
2023-01-10 16:43:14.634  INFO 4092 --- [restartedMain] com.zaxxer.hikari.HikariDataSource       : HikariPool-2 - Start completed.
2023-01-10 16:43:14.634  INFO 4092 --- [restartedMain] o.s.b.a.h2.H2ConsoleAutoConfiguration    : H2 console available at '/h2-console'. Database available at 'jdbc:h2:file:./Database/fictionshopdb'
2023-01-10 16:43:14.673  INFO 4092 --- [restartedMain] o.hibernate.jpa.internal.util.LogHelper  : HHH000204: Processing PersistenceUnitInfo [name: default]
2023-01-10 16:43:14.676  INFO 4092 --- [restartedMain] org.hibernate.dialect.Dialect            : HHH000400: Using dialect: org.hibernate.dialect.H2Dialect
2023-01-10 16:43:14.705  INFO 4092 --- [restartedMain] o.h.e.t.j.p.i.JtaPlatformInitiator       : HHH000490: Using JtaPlatform implementation: [org.hibernate.engine.transaction.jta.platform.internal.NoJtaPlatform]
2023-01-10 16:43:14.705  INFO 4092 --- [restartedMain] j.LocalContainerEntityManagerFactoryBean : Initialized JPA EntityManagerFactory for persistence unit 'default'
2023-01-10 16:43:14.738  WARN 4092 --- [restartedMain] JpaBaseConfiguration$JpaWebConfiguration : spring.jpa.open-in-view is enabled by default. Therefore, database queries may be performed during view rendering. Explicitly configure spring.jpa.open-in-view to disable this warning
2023-01-10 16:43:15.058  INFO 4092 --- [restartedMain] o.s.b.a.e.web.EndpointLinksResolver      : Exposing 1 endpoint(s) beneath base path '/actuator'
2023-01-10 16:43:15.067  INFO 4092 --- [restartedMain] o.s.s.web.DefaultSecurityFilterChain     : Will secure any request with [org.springframework.security.web.session.DisableEncodeUrlFilter@2452b921, org.springframework.security.web.context.request.async.WebAsyncManagerIntegrationFilter@30d30164, org.springframework.security.web.context.SecurityContextPersistenceFilter@2c8d54a5, org.springframework.security.web.header.HeaderWriterFilter@27fb6174, org.springframework.web.filter.CorsFilter@3d01c62d, org.springframework.security.web.authentication.logout.LogoutFilter@26fc1e8e, org.springframework.security.web.authentication.UsernamePasswordAuthenticationFilter@5cb46853, org.springframework.security.web.authentication.ui.DefaultLoginPageGeneratingFilter@79f2e61e, org.springframework.security.web.authentication.ui.DefaultLogoutPageGeneratingFilter@4288c72e, org.springframework.security.web.savedrequest.RequestCacheAwareFilter@255795d9, org.springframework.security.web.servletapi.SecurityContextHolderAwareRequestFilter@595ba0c6, org.springframework.security.web.authentication.AnonymousAuthenticationFilter@73a2e5ef, org.springframework.security.web.session.SessionManagementFilter@67e8ec27, org.springframework.security.web.access.ExceptionTranslationFilter@6fecc7fa, org.springframework.security.web.access.intercept.AuthorizationFilter@666d764d]
2023-01-10 16:43:15.169  INFO 4092 --- [restartedMain] o.s.b.d.a.OptionalLiveReloadServer       : LiveReload server is running on port 35729
2023-01-10 16:43:15.181  INFO 4092 --- [restartedMain] o.s.b.w.embedded.tomcat.TomcatWebServer  : Tomcat started on port(s): 8080 (http) with context path ''
2023-01-10 16:43:15.189  INFO 4092 --- [restartedMain] com.fictionshop.FictionShopApplication   : Started FictionShopApplication in 1.049 seconds (JVM running for 114.886)
2023-01-10 16:43:15.191  INFO 4092 --- [restartedMain] .ConditionEvaluationDeltaLoggingListener : Condition evaluation unchanged
2023-01-10 16:49:52.085  INFO 4092 --- [SpringApplicationShutdownHook] j.LocalContainerEntityManagerFactoryBean : Closing JPA EntityManagerFactory for persistence unit 'default'
2023-01-10 16:49:52.087  INFO 4092 --- [SpringApplicationShutdownHook] com.zaxxer.hikari.HikariDataSource       : HikariPool-2 - Shutdown initiated...
2023-01-10 16:49:52.089  INFO 4092 --- [SpringApplicationShutdownHook] com.zaxxer.hikari.HikariDataSource       : HikariPool-2 - Shutdown completed.
